<?xml version="1.0" encoding="UTF-8"?>
<!-- Generated by org.testng.reporters.JUnitReportReporter -->
<testsuite hostname="USER-PC" name="com.parameter.ParallelTests" tests="2" failures="0" timestamp="7 Mar 2019 18:22:16 GMT" time="30.313" errors="0">
  <testcase name="getFirfox" time="12.459" classname="com.parameter.ParallelTests"/>
  <testcase name="getChrome" time="17.854" classname="com.parameter.ParallelTests"/>
</testsuite> <!-- com.parameter.ParallelTests -->
